0 info it worked if it ends with ok
1 verbose cli [ 'D:\\Develop\\nodejs\\node.exe',
1 verbose cli   'D:\\Develop\\npm\\node_modules\\npm\\bin\\npm-cli.js',
1 verbose cli   'install',
1 verbose cli   'ccap',
1 verbose cli   '--save' ]
2 info using npm@3.7.5
3 info using node@v4.3.1
4 silly loadCurrentTree Starting
5 silly install loadCurrentTree
6 silly install readLocalPackageData
7 silly fetchPackageMetaData ccap
8 silly fetchNamedPackageData ccap
9 silly mapToRegistry name ccap
10 silly mapToRegistry using default registry
11 silly mapToRegistry registry https://registry.npmjs.org/
12 silly mapToRegistry uri https://registry.npmjs.org/ccap
13 verbose request uri https://registry.npmjs.org/ccap
14 verbose request no auth needed
15 info attempt registry request try #1 at 12:38:41
16 verbose request id 3def72e16beb64ed
17 verbose etag "9Z9Z1E5JJLKR4ZMUG3L6UDJDR"
18 http request GET https://registry.npmjs.org/ccap
19 http 304 https://registry.npmjs.org/ccap
20 verbose headers { date: 'Sat, 19 Mar 2016 04:38:32 GMT',
20 verbose headers   via: '1.1 varnish',
20 verbose headers   'cache-control': 'max-age=300',
20 verbose headers   etag: '"9Z9Z1E5JJLKR4ZMUG3L6UDJDR"',
20 verbose headers   age: '67',
20 verbose headers   connection: 'keep-alive',
20 verbose headers   'x-served-by': 'cache-itm7426-ITM',
20 verbose headers   'x-cache': 'HIT',
20 verbose headers   'x-cache-hits': '1',
20 verbose headers   'x-timer': 'S1458362312.924977,VS0,VE0',
20 verbose headers   vary: 'Accept' }
21 silly get cb [ 304,
21 silly get   { date: 'Sat, 19 Mar 2016 04:38:32 GMT',
21 silly get     via: '1.1 varnish',
21 silly get     'cache-control': 'max-age=300',
21 silly get     etag: '"9Z9Z1E5JJLKR4ZMUG3L6UDJDR"',
21 silly get     age: '67',
21 silly get     connection: 'keep-alive',
21 silly get     'x-served-by': 'cache-itm7426-ITM',
21 silly get     'x-cache': 'HIT',
21 silly get     'x-cache-hits': '1',
21 silly get     'x-timer': 'S1458362312.924977,VS0,VE0',
21 silly get     vary: 'Accept' } ]
22 verbose etag https://registry.npmjs.org/ccap from cache
23 verbose get saving ccap to D:\Develop\npm-cache\registry.npmjs.org\ccap\.cache.json
24 verbose correctMkdir D:\Develop\npm-cache correctMkdir not in flight; initializing
25 silly install normalizeTree
26 silly loadCurrentTree Finishing
27 silly loadIdealTree Starting
28 silly install loadIdealTree
29 silly cloneCurrentTree Starting
30 silly install cloneCurrentTreeToIdealTree
31 silly cloneCurrentTree Finishing
32 silly loadShrinkwrap Starting
33 silly install loadShrinkwrap
34 silly loadShrinkwrap Finishing
35 silly loadAllDepsIntoIdealTree Starting
36 silly install loadAllDepsIntoIdealTree
37 silly resolveWithNewModule ccap@0.6.4 checking installable status
38 silly cache add args [ 'ccap', null ]
39 verbose cache add spec ccap
40 silly cache add parsed spec Result {
40 silly cache add   raw: 'ccap',
40 silly cache add   scope: null,
40 silly cache add   name: 'ccap',
40 silly cache add   rawSpec: '',
40 silly cache add   spec: 'latest',
40 silly cache add   type: 'tag' }
41 silly addNamed ccap@latest
42 verbose addNamed "latest" is being treated as a dist-tag for ccap
43 info addNameTag [ 'ccap', 'latest' ]
44 silly mapToRegistry name ccap
45 silly mapToRegistry using default registry
46 silly mapToRegistry registry https://registry.npmjs.org/
47 silly mapToRegistry uri https://registry.npmjs.org/ccap
48 verbose addNameTag registry:https://registry.npmjs.org/ccap not in flight; fetching
49 verbose get https://registry.npmjs.org/ccap not expired, no request
50 silly addNameTag next cb for ccap with tag latest
51 silly addNamed ccap@0.6.4
52 verbose addNamed "0.6.4" is a plain semver version for ccap
53 silly cache afterAdd ccap@0.6.4
54 verbose afterAdd D:\Develop\npm-cache\ccap\0.6.4\package\package.json not in flight; writing
55 verbose correctMkdir D:\Develop\npm-cache correctMkdir not in flight; initializing
56 verbose afterAdd D:\Develop\npm-cache\ccap\0.6.4\package\package.json written
57 silly fetchNamedPackageData async
58 silly mapToRegistry name async
59 silly mapToRegistry using default registry
60 silly mapToRegistry registry https://registry.npmjs.org/
61 silly mapToRegistry uri https://registry.npmjs.org/async
62 silly fetchNamedPackageData node-schedule
63 silly mapToRegistry name node-schedule
64 silly mapToRegistry using default registry
65 silly mapToRegistry registry https://registry.npmjs.org/
66 silly mapToRegistry uri https://registry.npmjs.org/node-schedule
67 silly fetchNamedPackageData nan
68 silly mapToRegistry name nan
69 silly mapToRegistry using default registry
70 silly mapToRegistry registry https://registry.npmjs.org/
71 silly mapToRegistry uri https://registry.npmjs.org/nan
72 verbose request uri https://registry.npmjs.org/node-schedule
73 verbose request no auth needed
74 info attempt registry request try #1 at 12:38:42
75 verbose etag "6LQIDA3UGMQQ0B5VYYXDB6BJW"
76 http request GET https://registry.npmjs.org/node-schedule
77 verbose request uri https://registry.npmjs.org/async
78 verbose request no auth needed
79 info attempt registry request try #1 at 12:38:42
80 verbose etag "AC40ILEGA3HPMF6EMKFXPSSU3"
81 http request GET https://registry.npmjs.org/async
82 verbose request uri https://registry.npmjs.org/nan
83 verbose request no auth needed
84 info attempt registry request try #1 at 12:38:42
85 verbose etag "9GNMF0K57Y4H80QS1L4U9QND9"
86 http request GET https://registry.npmjs.org/nan
87 http 304 https://registry.npmjs.org/nan
88 verbose headers { date: 'Sat, 19 Mar 2016 04:38:33 GMT',
88 verbose headers   via: '1.1 varnish',
88 verbose headers   'cache-control': 'max-age=300',
88 verbose headers   etag: '"9GNMF0K57Y4H80QS1L4U9QND9"',
88 verbose headers   age: '20',
88 verbose headers   connection: 'keep-alive',
88 verbose headers   'x-served-by': 'cache-itm7423-ITM',
88 verbose headers   'x-cache': 'HIT',
88 verbose headers   'x-cache-hits': '1',
88 verbose headers   'x-timer': 'S1458362313.527273,VS0,VE0',
88 verbose headers   vary: 'Accept' }
89 silly get cb [ 304,
89 silly get   { date: 'Sat, 19 Mar 2016 04:38:33 GMT',
89 silly get     via: '1.1 varnish',
89 silly get     'cache-control': 'max-age=300',
89 silly get     etag: '"9GNMF0K57Y4H80QS1L4U9QND9"',
89 silly get     age: '20',
89 silly get     connection: 'keep-alive',
89 silly get     'x-served-by': 'cache-itm7423-ITM',
89 silly get     'x-cache': 'HIT',
89 silly get     'x-cache-hits': '1',
89 silly get     'x-timer': 'S1458362313.527273,VS0,VE0',
89 silly get     vary: 'Accept' } ]
90 verbose etag https://registry.npmjs.org/nan from cache
91 verbose get saving nan to D:\Develop\npm-cache\registry.npmjs.org\nan\.cache.json
92 verbose correctMkdir D:\Develop\npm-cache correctMkdir not in flight; initializing
93 http 304 https://registry.npmjs.org/node-schedule
94 verbose headers { date: 'Sat, 19 Mar 2016 04:38:33 GMT',
94 verbose headers   via: '1.1 varnish',
94 verbose headers   'cache-control': 'max-age=300',
94 verbose headers   etag: '"6LQIDA3UGMQQ0B5VYYXDB6BJW"',
94 verbose headers   age: '67',
94 verbose headers   connection: 'keep-alive',
94 verbose headers   'x-served-by': 'cache-itm7425-ITM',
94 verbose headers   'x-cache': 'HIT',
94 verbose headers   'x-cache-hits': '1',
94 verbose headers   'x-timer': 'S1458362313.538356,VS0,VE0',
94 verbose headers   vary: 'Accept' }
95 silly get cb [ 304,
95 silly get   { date: 'Sat, 19 Mar 2016 04:38:33 GMT',
95 silly get     via: '1.1 varnish',
95 silly get     'cache-control': 'max-age=300',
95 silly get     etag: '"6LQIDA3UGMQQ0B5VYYXDB6BJW"',
95 silly get     age: '67',
95 silly get     connection: 'keep-alive',
95 silly get     'x-served-by': 'cache-itm7425-ITM',
95 silly get     'x-cache': 'HIT',
95 silly get     'x-cache-hits': '1',
95 silly get     'x-timer': 'S1458362313.538356,VS0,VE0',
95 silly get     vary: 'Accept' } ]
96 verbose etag https://registry.npmjs.org/node-schedule from cache
97 verbose get saving node-schedule to D:\Develop\npm-cache\registry.npmjs.org\node-schedule\.cache.json
98 verbose correctMkdir D:\Develop\npm-cache correctMkdir not in flight; initializing
99 silly resolveWithNewModule nan@1.7.0 checking installable status
100 silly cache add args [ 'nan@1.7.0', null ]
101 verbose cache add spec nan@1.7.0
102 silly cache add parsed spec Result {
102 silly cache add   raw: 'nan@1.7.0',
102 silly cache add   scope: null,
102 silly cache add   name: 'nan',
102 silly cache add   rawSpec: '1.7.0',
102 silly cache add   spec: '1.7.0',
102 silly cache add   type: 'version' }
103 silly addNamed nan@1.7.0
104 verbose addNamed "1.7.0" is a plain semver version for nan
105 silly mapToRegistry name nan
106 silly mapToRegistry using default registry
107 silly mapToRegistry registry https://registry.npmjs.org/
108 silly mapToRegistry uri https://registry.npmjs.org/nan
109 verbose addNameVersion registry:https://registry.npmjs.org/nan not in flight; fetching
110 silly resolveWithNewModule node-schedule@0.1.13 checking installable status
111 silly cache add args [ 'node-schedule@0.1.13', null ]
112 verbose cache add spec node-schedule@0.1.13
113 silly cache add parsed spec Result {
113 silly cache add   raw: 'node-schedule@0.1.13',
113 silly cache add   scope: null,
113 silly cache add   name: 'node-schedule',
113 silly cache add   rawSpec: '0.1.13',
113 silly cache add   spec: '0.1.13',
113 silly cache add   type: 'version' }
114 silly addNamed node-schedule@0.1.13
115 verbose addNamed "0.1.13" is a plain semver version for node-schedule
116 silly mapToRegistry name node-schedule
117 silly mapToRegistry using default registry
118 silly mapToRegistry registry https://registry.npmjs.org/
119 silly mapToRegistry uri https://registry.npmjs.org/node-schedule
120 verbose addNameVersion registry:https://registry.npmjs.org/node-schedule not in flight; fetching
121 verbose get https://registry.npmjs.org/nan not expired, no request
122 verbose get https://registry.npmjs.org/node-schedule not expired, no request
123 silly cache afterAdd nan@1.7.0
124 verbose afterAdd D:\Develop\npm-cache\nan\1.7.0\package\package.json not in flight; writing
125 verbose correctMkdir D:\Develop\npm-cache correctMkdir not in flight; initializing
126 silly cache afterAdd node-schedule@0.1.13
127 verbose afterAdd D:\Develop\npm-cache\node-schedule\0.1.13\package\package.json not in flight; writing
128 verbose correctMkdir D:\Develop\npm-cache correctMkdir not in flight; initializing
129 verbose afterAdd D:\Develop\npm-cache\node-schedule\0.1.13\package\package.json written
130 verbose afterAdd D:\Develop\npm-cache\nan\1.7.0\package\package.json written
131 http 304 https://registry.npmjs.org/async
132 verbose headers { date: 'Sat, 19 Mar 2016 04:38:33 GMT',
132 verbose headers   via: '1.1 varnish',
132 verbose headers   'cache-control': 'max-age=300',
132 verbose headers   etag: '"AC40ILEGA3HPMF6EMKFXPSSU3"',
132 verbose headers   age: '0',
132 verbose headers   connection: 'keep-alive',
132 verbose headers   'x-served-by': 'cache-itm7421-ITM',
132 verbose headers   'x-cache': 'HIT',
132 verbose headers   'x-cache-hits': '1',
132 verbose headers   'x-timer': 'S1458362313.525014,VS0,VE668',
132 verbose headers   vary: 'Accept' }
133 silly get cb [ 304,
133 silly get   { date: 'Sat, 19 Mar 2016 04:38:33 GMT',
133 silly get     via: '1.1 varnish',
133 silly get     'cache-control': 'max-age=300',
133 silly get     etag: '"AC40ILEGA3HPMF6EMKFXPSSU3"',
133 silly get     age: '0',
133 silly get     connection: 'keep-alive',
133 silly get     'x-served-by': 'cache-itm7421-ITM',
133 silly get     'x-cache': 'HIT',
133 silly get     'x-cache-hits': '1',
133 silly get     'x-timer': 'S1458362313.525014,VS0,VE668',
133 silly get     vary: 'Accept' } ]
134 verbose etag https://registry.npmjs.org/async from cache
135 verbose get saving async to D:\Develop\npm-cache\registry.npmjs.org\async\.cache.json
136 verbose correctMkdir D:\Develop\npm-cache correctMkdir not in flight; initializing
137 silly resolveWithNewModule async@1.4.2 checking installable status
138 silly cache add args [ 'async@1.4.2', null ]
139 verbose cache add spec async@1.4.2
140 silly cache add parsed spec Result {
140 silly cache add   raw: 'async@1.4.2',
140 silly cache add   scope: null,
140 silly cache add   name: 'async',
140 silly cache add   rawSpec: '1.4.2',
140 silly cache add   spec: '1.4.2',
140 silly cache add   type: 'version' }
141 silly addNamed async@1.4.2
142 verbose addNamed "1.4.2" is a plain semver version for async
143 silly mapToRegistry name async
144 silly mapToRegistry using default registry
145 silly mapToRegistry registry https://registry.npmjs.org/
146 silly mapToRegistry uri https://registry.npmjs.org/async
147 verbose addNameVersion registry:https://registry.npmjs.org/async not in flight; fetching
148 verbose get https://registry.npmjs.org/async not expired, no request
149 silly cache afterAdd async@1.4.2
150 verbose afterAdd D:\Develop\npm-cache\async\1.4.2\package\package.json not in flight; writing
151 verbose correctMkdir D:\Develop\npm-cache correctMkdir not in flight; initializing
152 verbose afterAdd D:\Develop\npm-cache\async\1.4.2\package\package.json written
153 silly loadAllDepsIntoIdealTree Finishing
154 silly idealTree:prePrune myapp@1.1.1
154 silly idealTree:prePrune +-- async@1.4.2
154 silly idealTree:prePrune +-- ccap@0.6.4
154 silly idealTree:prePrune +-- nan@1.7.0
154 silly idealTree:prePrune `-- node-schedule@0.1.13
155 silly loadIdealTree Finishing
156 silly currentTree myapp@1.1.1
157 silly idealTree myapp@1.1.1
157 silly idealTree +-- async@1.4.2
157 silly idealTree +-- ccap@0.6.4
157 silly idealTree +-- nan@1.7.0
157 silly idealTree `-- node-schedule@0.1.13
158 silly generateActionsToTake Starting
159 silly install generateActionsToTake
160 silly generateActionsToTake Finishing
161 silly diffTrees action count 4
162 silly diffTrees add async@1.4.2
163 silly diffTrees add nan@1.7.0
164 silly diffTrees add node-schedule@0.1.13
165 silly diffTrees add ccap@0.6.4
166 silly decomposeActions action count 32
167 silly decomposeActions fetch async@1.4.2
168 silly decomposeActions extract async@1.4.2
169 silly decomposeActions test async@1.4.2
170 silly decomposeActions preinstall async@1.4.2
171 silly decomposeActions build async@1.4.2
172 silly decomposeActions install async@1.4.2
173 silly decomposeActions postinstall async@1.4.2
174 silly decomposeActions finalize async@1.4.2
175 silly decomposeActions fetch nan@1.7.0
176 silly decomposeActions extract nan@1.7.0
177 silly decomposeActions test nan@1.7.0
178 silly decomposeActions preinstall nan@1.7.0
179 silly decomposeActions build nan@1.7.0
180 silly decomposeActions install nan@1.7.0
181 silly decomposeActions postinstall nan@1.7.0
182 silly decomposeActions finalize nan@1.7.0
183 silly decomposeActions fetch node-schedule@0.1.13
184 silly decomposeActions extract node-schedule@0.1.13
185 silly decomposeActions test node-schedule@0.1.13
186 silly decomposeActions preinstall node-schedule@0.1.13
187 silly decomposeActions build node-schedule@0.1.13
188 silly decomposeActions install node-schedule@0.1.13
189 silly decomposeActions postinstall node-schedule@0.1.13
190 silly decomposeActions finalize node-schedule@0.1.13
191 silly decomposeActions fetch ccap@0.6.4
192 silly decomposeActions extract ccap@0.6.4
193 silly decomposeActions test ccap@0.6.4
194 silly decomposeActions preinstall ccap@0.6.4
195 silly decomposeActions build ccap@0.6.4
196 silly decomposeActions install ccap@0.6.4
197 silly decomposeActions postinstall ccap@0.6.4
198 silly decomposeActions finalize ccap@0.6.4
199 silly executeActions Starting
200 silly install executeActions
201 silly doSerial global-install 0
202 silly doParallel fetch 4
203 verbose correctMkdir D:\Develop\npm-cache\_locks correctMkdir not in flight; initializing
204 verbose lock using D:\Develop\npm-cache\_locks\staging-17b8b3e09743a6fe.lock for E:\Project\work\myApp\node_modules\.staging
205 silly doParallel extract 4
206 silly extract async@1.4.2
207 silly extract nan@1.7.0
208 silly extract node-schedule@0.1.13
209 silly extract ccap@0.6.4
210 verbose unbuild node_modules\.staging\async-308994b3
211 verbose unbuild node_modules\.staging\node-schedule-559c52c0
212 verbose unbuild node_modules\.staging\nan-6e76d228
213 verbose unbuild node_modules\.staging\ccap-1610cb96
214 silly gentlyRm E:\Project\work\myApp\node_modules\.staging\async-308994b3 is being purged from base E:\Project\work\myApp
215 verbose gentlyRm don't care about contents; nuking E:\Project\work\myApp\node_modules\.staging\async-308994b3
216 silly gentlyRm E:\Project\work\myApp\node_modules\.staging\node-schedule-559c52c0 is being purged from base E:\Project\work\myApp
217 verbose gentlyRm don't care about contents; nuking E:\Project\work\myApp\node_modules\.staging\node-schedule-559c52c0
218 silly gentlyRm E:\Project\work\myApp\node_modules\.staging\nan-6e76d228 is being purged from base E:\Project\work\myApp
219 verbose gentlyRm don't care about contents; nuking E:\Project\work\myApp\node_modules\.staging\nan-6e76d228
220 verbose tar unpack D:\Develop\npm-cache\async\1.4.2\package.tgz
221 verbose tar unpacking to E:\Project\work\myApp\node_modules\.staging\async-308994b3
222 silly gentlyRm E:\Project\work\myApp\node_modules\.staging\async-308994b3 is being purged
223 verbose gentlyRm don't care about contents; nuking E:\Project\work\myApp\node_modules\.staging\async-308994b3
224 silly gentlyRm E:\Project\work\myApp\node_modules\.staging\ccap-1610cb96 is being purged from base E:\Project\work\myApp
225 verbose gentlyRm don't care about contents; nuking E:\Project\work\myApp\node_modules\.staging\ccap-1610cb96
226 verbose tar unpack D:\Develop\npm-cache\node-schedule\0.1.13\package.tgz
227 verbose tar unpacking to E:\Project\work\myApp\node_modules\.staging\node-schedule-559c52c0
228 silly gentlyRm E:\Project\work\myApp\node_modules\.staging\node-schedule-559c52c0 is being purged
229 verbose gentlyRm don't care about contents; nuking E:\Project\work\myApp\node_modules\.staging\node-schedule-559c52c0
230 verbose tar unpack D:\Develop\npm-cache\nan\1.7.0\package.tgz
231 verbose tar unpacking to E:\Project\work\myApp\node_modules\.staging\nan-6e76d228
232 silly gentlyRm E:\Project\work\myApp\node_modules\.staging\nan-6e76d228 is being purged
233 verbose gentlyRm don't care about contents; nuking E:\Project\work\myApp\node_modules\.staging\nan-6e76d228
234 silly gunzTarPerm modes [ '777', '666' ]
235 verbose tar unpack D:\Develop\npm-cache\ccap\0.6.4\package.tgz
236 verbose tar unpacking to E:\Project\work\myApp\node_modules\.staging\ccap-1610cb96
237 silly gentlyRm E:\Project\work\myApp\node_modules\.staging\ccap-1610cb96 is being purged
238 verbose gentlyRm don't care about contents; nuking E:\Project\work\myApp\node_modules\.staging\ccap-1610cb96
239 silly gunzTarPerm modes [ '777', '666' ]
240 silly gunzTarPerm modes [ '777', '666' ]
241 silly gunzTarPerm modes [ '777', '666' ]
242 silly gunzTarPerm extractEntry package.json
243 silly gunzTarPerm modified mode [ 'package.json', 420, 438 ]
244 silly gunzTarPerm extractEntry package.json
245 silly gunzTarPerm modified mode [ 'package.json', 436, 438 ]
246 silly gunzTarPerm extractEntry package.json
247 silly gunzTarPerm modified mode [ 'package.json', 420, 438 ]
248 silly gunzTarPerm extractEntry package.json
249 silly gunzTarPerm extractEntry LICENSE
250 silly gunzTarPerm modified mode [ 'LICENSE', 420, 438 ]
251 silly gunzTarPerm extractEntry CHANGELOG.md
252 silly gunzTarPerm modified mode [ 'CHANGELOG.md', 420, 438 ]
253 silly gunzTarPerm extractEntry include_dirs.js
254 silly gunzTarPerm modified mode [ 'include_dirs.js', 436, 438 ]
255 silly gunzTarPerm extractEntry LICENSE.md
256 silly gunzTarPerm modified mode [ 'LICENSE.md', 436, 438 ]
257 silly gunzTarPerm extractEntry .npmignore
258 silly gunzTarPerm modified mode [ '.npmignore', 420, 438 ]
259 silly gunzTarPerm extractEntry README.md
260 silly gunzTarPerm modified mode [ 'README.md', 420, 438 ]
261 silly gunzTarPerm extractEntry .npmignore
262 silly gunzTarPerm extractEntry make.js
263 silly gunzTarPerm extractEntry lib/async.js
264 silly gunzTarPerm modified mode [ 'lib/async.js', 420, 438 ]
265 silly gunzTarPerm extractEntry index.js
266 silly gunzTarPerm extractEntry binding.gyp
267 silly gunzTarPerm extractEntry lib/increment.js
268 silly gunzTarPerm modified mode [ 'lib/increment.js', 420, 438 ]
269 silly gunzTarPerm extractEntry lib/schedule.js
270 silly gunzTarPerm modified mode [ 'lib/schedule.js', 420, 438 ]
271 silly gunzTarPerm extractEntry .dntrc
272 silly gunzTarPerm modified mode [ '.dntrc', 436, 438 ]
273 silly gunzTarPerm extractEntry appveyor.yml
274 silly gunzTarPerm modified mode [ 'appveyor.yml', 436, 438 ]
275 silly gunzTarPerm extractEntry example/custom_get.js
276 silly gunzTarPerm extractEntry example/custom_get2.js
277 silly gunzTarPerm extractEntry example/default_get.js
278 silly gunzTarPerm extractEntry nan.h
279 silly gunzTarPerm modified mode [ 'nan.h', 436, 438 ]
280 silly gunzTarPerm extractEntry nan_implementation_12_inl.h
281 silly gunzTarPerm modified mode [ 'nan_implementation_12_inl.h', 436, 438 ]
282 silly gunzTarPerm extractEntry nan_implementation_pre_12_inl.h
283 silly gunzTarPerm modified mode [ 'nan_implementation_pre_12_inl.h', 436, 438 ]
284 silly gunzTarPerm extractEntry nan_new.h
285 silly gunzTarPerm modified mode [ 'nan_new.h', 436, 438 ]
286 silly gunzTarPerm extractEntry nan_string_bytes.h
287 silly gunzTarPerm modified mode [ 'nan_string_bytes.h', 436, 438 ]
288 silly gunzTarPerm extractEntry CHANGELOG.md
289 silly gunzTarPerm modified mode [ 'CHANGELOG.md', 436, 438 ]
290 silly gunzTarPerm extractEntry test/convenience-method-test.js
291 silly gunzTarPerm modified mode [ 'test/convenience-method-test.js', 420, 438 ]
292 silly gunzTarPerm extractEntry example/web_example.js
293 silly gunzTarPerm extractEntry .travis.yml
294 silly gunzTarPerm extractEntry lib/dir.js
295 silly gunzTarPerm extractEntry test/date-convenience-methods-test.js
296 silly gunzTarPerm modified mode [ 'test/date-convenience-methods-test.js', 420, 438 ]
297 silly gunzTarPerm extractEntry test/job-test.js
298 silly gunzTarPerm modified mode [ 'test/job-test.js', 420, 438 ]
299 silly gunzTarPerm extractEntry lib/gen.js
300 silly gunzTarPerm extractEntry lib/hcap.js
301 silly gunzTarPerm extractEntry lib/timer.js
302 silly gunzTarPerm extractEntry benchmark/generate.js
303 silly gunzTarPerm extractEntry addon/cap.cc
304 silly gunzTarPerm extractEntry addon/cap.h
305 silly gunzTarPerm extractEntry test/range-test.js
306 silly gunzTarPerm modified mode [ 'test/range-test.js', 420, 438 ]
307 silly gunzTarPerm extractEntry test/recurrence-rule-test.js
308 silly gunzTarPerm modified mode [ 'test/recurrence-rule-test.js', 420, 438 ]
309 silly gunzTarPerm extractEntry addon/hcaptha.cc
310 silly gunzTarPerm extractEntry addon/jpeglib/jddctmgr.c
311 silly gunzTarPerm extractEntry addon/jpeglib/CImg.h
312 silly gentlyRm E:\Project\work\myApp\node_modules\.staging\async-308994b3\node_modules is being purged
313 verbose gentlyRm don't care about contents; nuking E:\Project\work\myApp\node_modules\.staging\async-308994b3\node_modules
314 silly gentlyRm E:\Project\work\myApp\node_modules\.staging\nan-6e76d228\node_modules is being purged
315 verbose gentlyRm don't care about contents; nuking E:\Project\work\myApp\node_modules\.staging\nan-6e76d228\node_modules
316 silly gunzTarPerm extractEntry addon/jpeglib/Licence_CeCILL_V2-en.txt
317 silly gunzTarPerm extractEntry addon/jpeglib/README.txt
318 silly gunzTarPerm extractEntry addon/jpeglib/cderror.h
319 silly gunzTarPerm extractEntry addon/jpeglib/cdjpeg.h
320 silly gentlyRm E:\Project\work\myApp\node_modules\.staging\node-schedule-559c52c0\node_modules is being purged
321 verbose gentlyRm don't care about contents; nuking E:\Project\work\myApp\node_modules\.staging\node-schedule-559c52c0\node_modules
322 silly gunzTarPerm extractEntry addon/jpeglib/jaricom.c
323 silly gunzTarPerm extractEntry addon/jpeglib/jcapimin.c
324 silly gunzTarPerm extractEntry addon/jpeglib/jcapistd.c
325 silly gunzTarPerm extractEntry addon/jpeglib/jcarith.c
326 silly gunzTarPerm extractEntry addon/jpeglib/jccoefct.c
327 silly gunzTarPerm extractEntry addon/jpeglib/jccolor.c
328 silly gunzTarPerm extractEntry addon/jpeglib/jcdctmgr.c
329 silly gunzTarPerm extractEntry addon/jpeglib/jchuff.c
330 silly gunzTarPerm extractEntry addon/jpeglib/jcinit.c
331 silly gunzTarPerm extractEntry addon/jpeglib/jcmainct.c
332 silly gunzTarPerm extractEntry addon/jpeglib/jcmarker.c
333 silly gunzTarPerm extractEntry addon/jpeglib/jcmaster.c
334 silly gunzTarPerm extractEntry addon/jpeglib/jcomapi.c
335 silly gunzTarPerm extractEntry addon/jpeglib/jconfig.h
336 silly gunzTarPerm extractEntry addon/jpeglib/jcparam.c
337 silly gunzTarPerm extractEntry addon/jpeglib/jcprepct.c
338 silly gunzTarPerm extractEntry addon/jpeglib/jcsample.c
339 silly gunzTarPerm extractEntry addon/jpeglib/jctrans.c
340 silly gunzTarPerm extractEntry addon/jpeglib/jdapimin.c
341 silly gunzTarPerm extractEntry addon/jpeglib/jdapistd.c
342 silly gunzTarPerm extractEntry addon/jpeglib/jdarith.c
343 silly gunzTarPerm extractEntry addon/jpeglib/jdatadst.c
344 silly gunzTarPerm extractEntry addon/jpeglib/jdatasrc.c
345 silly gunzTarPerm extractEntry addon/jpeglib/jdcoefct.c
346 silly gunzTarPerm extractEntry addon/jpeglib/jdcolor.c
347 silly gunzTarPerm extractEntry addon/jpeglib/jdct.h
348 silly gunzTarPerm extractEntry addon/jpeglib/Licence_CeCILL-C_V1-en.txt
349 silly gunzTarPerm extractEntry addon/jpeglib/jdhuff.c
350 silly gunzTarPerm extractEntry addon/jpeglib/jdinput.c
351 silly gunzTarPerm extractEntry addon/jpeglib/jdmainct.c
352 silly gunzTarPerm extractEntry addon/jpeglib/jdmarker.c
353 silly gunzTarPerm extractEntry addon/jpeglib/jdmaster.c
354 silly gunzTarPerm extractEntry addon/jpeglib/jdmerge.c
355 silly gunzTarPerm extractEntry addon/jpeglib/jdpostct.c
356 silly gunzTarPerm extractEntry addon/jpeglib/jdsample.c
357 silly gunzTarPerm extractEntry addon/jpeglib/jdtrans.c
358 silly gunzTarPerm extractEntry addon/jpeglib/jerror.c
359 silly gunzTarPerm extractEntry addon/jpeglib/jerror.h
360 silly gunzTarPerm extractEntry addon/jpeglib/jfdctflt.c
361 silly gunzTarPerm extractEntry addon/jpeglib/jfdctfst.c
362 silly gunzTarPerm extractEntry addon/jpeglib/jfdctint.c
363 silly gunzTarPerm extractEntry addon/jpeglib/jidctflt.c
364 silly gunzTarPerm extractEntry addon/jpeglib/jidctfst.c
365 silly gunzTarPerm extractEntry addon/jpeglib/jidctint.c
366 silly gunzTarPerm extractEntry addon/jpeglib/jinclude.h
367 silly gunzTarPerm extractEntry addon/jpeglib/jmemmgr.c
368 silly gunzTarPerm extractEntry addon/jpeglib/jmemnobs.c
369 silly gunzTarPerm extractEntry addon/jpeglib/jmemsys.h
370 silly gunzTarPerm extractEntry addon/jpeglib/jmorecfg.h
371 silly gunzTarPerm extractEntry addon/jpeglib/jpegint.h
372 silly gunzTarPerm extractEntry addon/jpeglib/jpeglib.h
373 silly gunzTarPerm extractEntry addon/jpeglib/jquant1.c
374 silly gunzTarPerm extractEntry addon/jpeglib/jquant2.c
375 silly gunzTarPerm extractEntry addon/jpeglib/jutils.c
376 silly gunzTarPerm extractEntry addon/jpeglib/jversion.h
377 silly gunzTarPerm extractEntry addon/jpeglib/libjpeg.so
378 silly gunzTarPerm extractEntry addon/jpeglib/plugins/jpeg_buffer.h
379 silly gunzTarPerm extractEntry addon/jpeglib/plugins/add_fileformat.h
380 silly gunzTarPerm extractEntry addon/jpeglib/plugins/cimg_ipl.h
381 silly gunzTarPerm extractEntry addon/jpeglib/plugins/cimgmatlab.h
382 silly gunzTarPerm extractEntry addon/jpeglib/plugins/draw_gradient.h
383 silly gunzTarPerm extractEntry addon/jpeglib/plugins/cimgIPL.h
384 silly gunzTarPerm extractEntry addon/jpeglib/plugins/loop_macros.h
385 silly gunzTarPerm extractEntry addon/jpeglib/plugins/nlmeans.h
386 silly gunzTarPerm extractEntry addon/jpeglib/plugins/skeleton.h
387 silly gunzTarPerm extractEntry addon/jpeglib/plugins/vrml.h
388 silly gunzTarPerm extractEntry addon/jpeglib/plugins/vtk.h
389 silly gunzTarPerm extractEntry addon/jpeglib/resources/compile_win_icl.bat
390 silly gunzTarPerm extractEntry addon/jpeglib/resources/compile_win_visualcpp.bat
391 silly gunzTarPerm extractEntry addon/jpeglib/transupp.h
392 silly gunzTarPerm extractEntry addon/libjpeg.dll
393 silly gunzTarPerm extractEntry readme.md
394 silly gunzTarPerm extractEntry test/main_test.js
395 silly gentlyRm E:\Project\work\myApp\node_modules\.staging\ccap-1610cb96\node_modules is being purged
396 verbose gentlyRm don't care about contents; nuking E:\Project\work\myApp\node_modules\.staging\ccap-1610cb96\node_modules
397 silly doParallel preinstall 4
398 silly preinstall async@1.4.2 E:\Project\work\myApp\node_modules\.staging\async-308994b3
399 info lifecycle async@1.4.2~preinstall: async@1.4.2
400 silly preinstall nan@1.7.0 E:\Project\work\myApp\node_modules\.staging\nan-6e76d228
401 info lifecycle nan@1.7.0~preinstall: nan@1.7.0
402 silly preinstall node-schedule@0.1.13 E:\Project\work\myApp\node_modules\.staging\node-schedule-559c52c0
403 info lifecycle node-schedule@0.1.13~preinstall: node-schedule@0.1.13
404 silly preinstall ccap@0.6.4 E:\Project\work\myApp\node_modules\.staging\ccap-1610cb96
405 info lifecycle ccap@0.6.4~preinstall: ccap@0.6.4
406 silly lifecycle async@1.4.2~preinstall: no script for preinstall, continuing
407 silly lifecycle nan@1.7.0~preinstall: no script for preinstall, continuing
408 verbose lifecycle ccap@0.6.4~preinstall: unsafe-perm in lifecycle true
409 verbose lifecycle ccap@0.6.4~preinstall: PATH: D:\Develop\npm\node_modules\npm\bin\node-gyp-bin;E:\Project\work\myApp\node_modules\.staging\ccap-1610cb96\node_modules\.bin;E:\Project\work\myApp\node_modules\.bin;D:\Develop\nodejs;D:\Develop\Python27\;D:\Develop\Python27\Scripts;C:\ProgramData\Oracle\Java\javapath;C:\WINDOWS\system32;C:\WINDOWS;C:\WINDOWS\System32\Wbem;C:\WINDOWS\System32\WindowsPowerShell\v1.0\;C:\Program Files (x86)\NVIDIA Corporation\PhysX\Common;C:\Program Files\Microsoft SQL Server\120\Tools\Binn\;C:\Program Files (x86)\Windows Kits\10\Windows Performance Toolkit\;C:\WINDOWS\system32;C:\WINDOWS;C:\WINDOWS\System32\Wbem;C:\WINDOWS\System32\WindowsPowerShell\v1.0\;C:\Program Files\Microsoft SQL Server\110\Tools\Binn\;D:\Develop\ruby\bin;;D:\Develop\nvm;D:\Develop\npm;D:\Develop\git\bin;D:\Develop\git\cmd;D:\Develop\nodejs;D:\Develop\java\jdk1.8.0_65\bin;D:\Develop\java\jdk1.8.0_65\jre\bin;C:\Program Files (x86)\Android\android-sdk\platforms-tools;C:\Program Files (x86)\Android\android-sdk\tools
410 verbose lifecycle ccap@0.6.4~preinstall: CWD: E:\Project\work\myApp\node_modules\.staging\ccap-1610cb96
411 silly lifecycle ccap@0.6.4~preinstall: Args: [ '/d /s /c', 'node make.js' ]
412 silly lifecycle node-schedule@0.1.13~preinstall: no script for preinstall, continuing
413 silly lifecycle ccap@0.6.4~preinstall: Returned: code: 0  signal: null
414 silly doReverseSerial remove 0
415 silly doSerial move 0
416 silly doSerial finalize 4
417 silly finalize E:\Project\work\myApp\node_modules\async
418 silly finalize E:\Project\work\myApp\node_modules\nan
419 silly finalize E:\Project\work\myApp\node_modules\node-schedule
420 silly finalize E:\Project\work\myApp\node_modules\ccap
421 silly doSerial build 4
422 silly build async@1.4.2
423 info linkStuff async@1.4.2
424 silly linkStuff async@1.4.2 has E:\Project\work\myApp\node_modules as its parent node_modules
425 verbose linkBins async@1.4.2
426 verbose linkMans async@1.4.2
427 silly build nan@1.7.0
428 info linkStuff nan@1.7.0
429 silly linkStuff nan@1.7.0 has E:\Project\work\myApp\node_modules as its parent node_modules
430 verbose linkBins nan@1.7.0
431 verbose linkMans nan@1.7.0
432 silly build node-schedule@0.1.13
433 info linkStuff node-schedule@0.1.13
434 silly linkStuff node-schedule@0.1.13 has E:\Project\work\myApp\node_modules as its parent node_modules
435 verbose linkBins node-schedule@0.1.13
436 verbose linkMans node-schedule@0.1.13
437 silly build ccap@0.6.4
438 info linkStuff ccap@0.6.4
439 silly linkStuff ccap@0.6.4 has E:\Project\work\myApp\node_modules as its parent node_modules
440 verbose linkBins ccap@0.6.4
441 verbose linkMans ccap@0.6.4
442 silly doSerial global-link 0
443 silly doParallel update-linked 0
444 silly doSerial install 4
445 silly install async@1.4.2 E:\Project\work\myApp\node_modules\.staging\async-308994b3
446 info lifecycle async@1.4.2~install: async@1.4.2
447 silly lifecycle async@1.4.2~install: no script for install, continuing
448 silly install nan@1.7.0 E:\Project\work\myApp\node_modules\.staging\nan-6e76d228
449 info lifecycle nan@1.7.0~install: nan@1.7.0
450 silly lifecycle nan@1.7.0~install: no script for install, continuing
451 silly install node-schedule@0.1.13 E:\Project\work\myApp\node_modules\.staging\node-schedule-559c52c0
452 info lifecycle node-schedule@0.1.13~install: node-schedule@0.1.13
453 silly lifecycle node-schedule@0.1.13~install: no script for install, continuing
454 silly install ccap@0.6.4 E:\Project\work\myApp\node_modules\.staging\ccap-1610cb96
455 info lifecycle ccap@0.6.4~install: ccap@0.6.4
456 verbose lifecycle ccap@0.6.4~install: unsafe-perm in lifecycle true
457 verbose lifecycle ccap@0.6.4~install: PATH: D:\Develop\npm\node_modules\npm\bin\node-gyp-bin;E:\Project\work\myApp\node_modules\ccap\node_modules\.bin;E:\Project\work\myApp\node_modules\.bin;D:\Develop\nodejs;D:\Develop\Python27\;D:\Develop\Python27\Scripts;C:\ProgramData\Oracle\Java\javapath;C:\WINDOWS\system32;C:\WINDOWS;C:\WINDOWS\System32\Wbem;C:\WINDOWS\System32\WindowsPowerShell\v1.0\;C:\Program Files (x86)\NVIDIA Corporation\PhysX\Common;C:\Program Files\Microsoft SQL Server\120\Tools\Binn\;C:\Program Files (x86)\Windows Kits\10\Windows Performance Toolkit\;C:\WINDOWS\system32;C:\WINDOWS;C:\WINDOWS\System32\Wbem;C:\WINDOWS\System32\WindowsPowerShell\v1.0\;C:\Program Files\Microsoft SQL Server\110\Tools\Binn\;D:\Develop\ruby\bin;;D:\Develop\nvm;D:\Develop\npm;D:\Develop\git\bin;D:\Develop\git\cmd;D:\Develop\nodejs;D:\Develop\java\jdk1.8.0_65\bin;D:\Develop\java\jdk1.8.0_65\jre\bin;C:\Program Files (x86)\Android\android-sdk\platforms-tools;C:\Program Files (x86)\Android\android-sdk\tools
458 verbose lifecycle ccap@0.6.4~install: CWD: E:\Project\work\myApp\node_modules\ccap
459 silly lifecycle ccap@0.6.4~install: Args: [ '/d /s /c', 'node-gyp rebuild' ]
460 silly lifecycle ccap@0.6.4~install: Returned: code: 1  signal: null
461 info lifecycle ccap@0.6.4~install: Failed to exec install script
462 verbose unlock done using D:\Develop\npm-cache\_locks\staging-17b8b3e09743a6fe.lock for E:\Project\work\myApp\node_modules\.staging
463 silly rollbackFailedOptional Starting
464 silly rollbackFailedOptional Finishing
465 silly runTopLevelLifecycles Starting
466 silly runTopLevelLifecycles Finishing
467 silly install printInstalled
468 warn myapp@1.1.1 No repository field.
469 warn myapp@1.1.1 No license field.
470 verbose stack Error: ccap@0.6.4 install: `node-gyp rebuild`
470 verbose stack Exit status 1
470 verbose stack     at EventEmitter.<anonymous> (D:\Develop\npm\node_modules\npm\lib\utils\lifecycle.js:239:16)
470 verbose stack     at emitTwo (events.js:87:13)
470 verbose stack     at EventEmitter.emit (events.js:172:7)
470 verbose stack     at ChildProcess.<anonymous> (D:\Develop\npm\node_modules\npm\lib\utils\spawn.js:24:14)
470 verbose stack     at emitTwo (events.js:87:13)
470 verbose stack     at ChildProcess.emit (events.js:172:7)
470 verbose stack     at maybeClose (internal/child_process.js:821:16)
470 verbose stack     at Process.ChildProcess._handle.onexit (internal/child_process.js:211:5)
471 verbose pkgid ccap@0.6.4
472 verbose cwd E:\Project\work\myApp
473 error Windows_NT 10.0.10586
474 error argv "D:\\Develop\\nodejs\\node.exe" "D:\\Develop\\npm\\node_modules\\npm\\bin\\npm-cli.js" "install" "ccap" "--save"
475 error node v4.3.1
476 error npm  v3.7.5
477 error code ELIFECYCLE
478 error ccap@0.6.4 install: `node-gyp rebuild`
478 error Exit status 1
479 error Failed at the ccap@0.6.4 install script 'node-gyp rebuild'.
479 error Make sure you have the latest version of node.js and npm installed.
479 error If you do, this is most likely a problem with the ccap package,
479 error not with npm itself.
479 error Tell the author that this fails on your system:
479 error     node-gyp rebuild
479 error You can get information on how to open an issue for this project with:
479 error     npm bugs ccap
479 error Or if that isn't available, you can get their info via:
479 error     npm owner ls ccap
479 error There is likely additional logging output above.
480 verbose exit [ 1, true ]
